2023-11-22 12:03:02.906 | INFO     | app:main:10 - %s started
2023-11-22 12:03:02.907 | INFO     | app:main:11 - PostgreSQL connection %s
2023-11-22 12:03:02.935 | INFO     | telegram_bot.telegram_bot_service:run_bot_task:41 - Bot polling started
2023-11-22 12:03:35.004 | INFO     | app:main:10 - testbot started
2023-11-22 12:03:35.004 | INFO     | app:main:11 - PostgreSQL connection postgres://postgres@localhost/test_base
2023-11-22 12:03:35.014 | INFO     | telegram_bot.telegram_bot_service:run_bot_task:41 - Bot polling started
2023-11-22 12:05:46.828 | INFO     | app:main:10 - testbot started
2023-11-22 12:05:46.828 | INFO     | app:main:11 - PostgreSQL connection postgres://postgres@localhost/test_base
2023-11-22 12:05:46.854 | INFO     | telegram_bot.telegram_bot_service:run_bot_task:41 - Bot polling started
2023-11-22 12:06:03.879 | INFO     | app:main:10 - testbot started
2023-11-22 12:06:03.879 | INFO     | app:main:11 - PostgreSQL connection postgres://postgres@localhost/test_base
2023-11-22 12:06:03.901 | INFO     | telegram_bot.telegram_bot_service:run_bot_task:41 - Bot polling started
2023-11-22 12:06:18.987 | INFO     | telegram_bot.telegram_bot_service:job:62 - Successfully send message to 861467568
2023-11-22 12:06:22.348 | INFO     | app:main:10 - testbot started
2023-11-22 12:06:22.349 | INFO     | app:main:11 - PostgreSQL connection postgres://postgres@localhost/test_base
2023-11-22 12:06:22.360 | INFO     | telegram_bot.telegram_bot_service:run_bot_task:41 - Bot polling started
2023-11-22 12:06:49.521 | INFO     | telegram_bot.telegram_bot_service:job:54 - Successfully send message to 861467568
2023-11-22 12:07:20.529 | INFO     | telegram_bot.telegram_bot_service:job:59 - Successfully send message to 861467568
2023-11-22 12:07:51.512 | INFO     | telegram_bot.telegram_bot_service:job:63 - Successfully send message to 861467568
2023-11-22 12:08:22.470 | INFO     | telegram_bot.telegram_bot_service:job:54 - Successfully send message to 861467568
2023-11-22 12:08:53.596 | INFO     | telegram_bot.telegram_bot_service:job:59 - Successfully send message to 861467568
2023-11-22 12:09:00.051 | INFO     | app:main:10 - testbot started
2023-11-22 12:09:00.051 | INFO     | app:main:11 - PostgreSQL connection postgres://postgres@localhost/test_base
2023-11-22 12:09:00.062 | INFO     | telegram_bot.telegram_bot_service:run_bot_task:41 - Bot polling started
2023-11-22 12:09:12.043 | INFO     | app:main:10 - testbot started
2023-11-22 12:09:12.043 | INFO     | app:main:11 - PostgreSQL connection postgres://postgres@localhost/test_base
2023-11-22 12:09:12.071 | INFO     | telegram_bot.telegram_bot_service:run_bot_task:41 - Bot polling started
2023-11-22 12:09:13.200 | INFO     | telegram_bot.telegram_bot_service:job:73 - Successfully send message to 861467568
2023-11-22 12:09:20.151 | INFO     | telegram_bot.telegram_bot_service:job:56 - Successfully send message to 861467568: Добрый день!
2023-11-22 12:09:27.153 | INFO     | telegram_bot.telegram_bot_service:job:64 - Successfully send message to 861467568: Подготовила для вас материал
2023-11-22 12:09:27.243 | INFO     | telegram_bot.telegram_bot_service:job:67 - Successfully send photo to 861467568: https://mimigram.ru/wp-content/uploads/2020/07/%D0%A7%D1%82%D0%BE-%D1%82%D0%B0%D0%BA%D0%BE%D0%B5-%D1%84%D0%BE%D1%82%D0%BE.jpeg
2023-11-22 12:09:34.211 | INFO     | telegram_bot.telegram_bot_service:job:73 - Successfully send message to 861467568
2023-11-22 12:09:42.360 | INFO     | app:main:10 - testbot started
2023-11-22 12:09:42.360 | INFO     | app:main:11 - PostgreSQL connection postgres://postgres@localhost/test_base
2023-11-22 12:09:42.372 | INFO     | telegram_bot.telegram_bot_service:run_bot_task:41 - Bot polling started
2023-11-22 12:09:44.493 | INFO     | telegram_bot.telegram_bot_service:job:56 - Successfully send message to 861467568: Добрый день!
2023-11-22 12:09:51.480 | INFO     | telegram_bot.telegram_bot_service:job:64 - Successfully send message to 861467568: Подготовила для вас материал
2023-11-22 12:09:51.606 | INFO     | telegram_bot.telegram_bot_service:job:67 - Successfully send photo to 861467568: https://mimigram.ru/wp-content/uploads/2020/07/%D0%A7%D1%82%D0%BE-%D1%82%D0%B0%D0%BA%D0%BE%D0%B5-%D1%84%D0%BE%D1%82%D0%BE.jpeg
2023-11-22 12:09:58.464 | INFO     | telegram_bot.telegram_bot_service:job:74 - Successfully send message to 861467568: Скоро вернусь с новым материалом!
2023-11-22 12:10:05.564 | INFO     | telegram_bot.telegram_bot_service:job:56 - Successfully send message to 861467568: Добрый день!
2023-11-22 12:10:12.476 | INFO     | telegram_bot.telegram_bot_service:job:64 - Successfully send message to 861467568: Подготовила для вас материал
2023-11-22 12:10:12.569 | INFO     | telegram_bot.telegram_bot_service:job:67 - Successfully send photo to 861467568: https://mimigram.ru/wp-content/uploads/2020/07/%D0%A7%D1%82%D0%BE-%D1%82%D0%B0%D0%BA%D0%BE%D0%B5-%D1%84%D0%BE%D1%82%D0%BE.jpeg
2023-11-22 12:10:34.259 | INFO     | app:main:10 - testbot started
2023-11-22 12:10:34.259 | INFO     | app:main:11 - PostgreSQL connection postgres://postgres@localhost/test_base
2023-11-22 12:10:34.270 | INFO     | telegram_bot.telegram_bot_service:run_bot_task:41 - Bot polling started
2023-11-22 12:10:35.377 | INFO     | telegram_bot.telegram_bot_service:job:73 - Successfully send message to 861467568: Скоро вернусь с новым материалом!
2023-11-22 12:10:42.404 | INFO     | telegram_bot.telegram_bot_service:job:55 - Successfully send message to 861467568: Добрый день!
2023-11-22 12:10:49.409 | INFO     | telegram_bot.telegram_bot_service:job:63 - Successfully send message to 861467568: Подготовила для вас материал
2023-11-22 12:10:49.550 | INFO     | telegram_bot.telegram_bot_service:job:66 - Successfully send photo to 861467568: https://mimigram.ru/wp-content/uploads/2020/07/%D0%A7%D1%82%D0%BE-%D1%82%D0%B0%D0%BA%D0%BE%D0%B5-%D1%84%D0%BE%D1%82%D0%BE.jpeg
2023-11-22 12:10:56.357 | INFO     | telegram_bot.telegram_bot_service:job:73 - Successfully send message to 861467568: Скоро вернусь с новым материалом!
2023-11-22 12:11:03.369 | INFO     | telegram_bot.telegram_bot_service:job:55 - Successfully send message to 861467568: Добрый день!
2023-11-22 12:11:10.416 | INFO     | telegram_bot.telegram_bot_service:job:63 - Successfully send message to 861467568: Подготовила для вас материал
2023-11-22 12:11:10.528 | INFO     | telegram_bot.telegram_bot_service:job:66 - Successfully send photo to 861467568: https://mimigram.ru/wp-content/uploads/2020/07/%D0%A7%D1%82%D0%BE-%D1%82%D0%B0%D0%BA%D0%BE%D0%B5-%D1%84%D0%BE%D1%82%D0%BE.jpeg
2023-11-22 12:11:17.363 | INFO     | telegram_bot.telegram_bot_service:job:73 - Successfully send message to 861467568: Скоро вернусь с новым материалом!
2023-11-22 12:11:24.365 | INFO     | telegram_bot.telegram_bot_service:job:55 - Successfully send message to 861467568: Добрый день!
2023-11-22 12:11:31.470 | INFO     | telegram_bot.telegram_bot_service:job:63 - Successfully send message to 861467568: Подготовила для вас материал
2023-11-22 12:11:31.618 | INFO     | telegram_bot.telegram_bot_service:job:66 - Successfully send photo to 861467568: https://mimigram.ru/wp-content/uploads/2020/07/%D0%A7%D1%82%D0%BE-%D1%82%D0%B0%D0%BA%D0%BE%D0%B5-%D1%84%D0%BE%D1%82%D0%BE.jpeg
2023-11-22 12:11:38.400 | INFO     | telegram_bot.telegram_bot_service:job:73 - Successfully send message to 861467568: Скоро вернусь с новым материалом!
2023-11-22 12:11:45.364 | INFO     | telegram_bot.telegram_bot_service:job:55 - Successfully send message to 861467568: Добрый день!
2023-11-22 12:11:52.356 | INFO     | telegram_bot.telegram_bot_service:job:63 - Successfully send message to 861467568: Подготовила для вас материал
2023-11-22 12:11:52.454 | INFO     | telegram_bot.telegram_bot_service:job:66 - Successfully send photo to 861467568: https://mimigram.ru/wp-content/uploads/2020/07/%D0%A7%D1%82%D0%BE-%D1%82%D0%B0%D0%BA%D0%BE%D0%B5-%D1%84%D0%BE%D1%82%D0%BE.jpeg
2023-11-22 12:11:59.365 | INFO     | telegram_bot.telegram_bot_service:job:73 - Successfully send message to 861467568: Скоро вернусь с новым материалом!
2023-11-22 12:12:06.364 | INFO     | telegram_bot.telegram_bot_service:job:55 - Successfully send message to 861467568: Добрый день!
2023-11-22 12:12:13.369 | INFO     | telegram_bot.telegram_bot_service:job:63 - Successfully send message to 861467568: Подготовила для вас материал
2023-11-22 12:12:13.476 | INFO     | telegram_bot.telegram_bot_service:job:66 - Successfully send photo to 861467568: https://mimigram.ru/wp-content/uploads/2020/07/%D0%A7%D1%82%D0%BE-%D1%82%D0%B0%D0%BA%D0%BE%D0%B5-%D1%84%D0%BE%D1%82%D0%BE.jpeg
2023-11-22 12:12:20.361 | INFO     | telegram_bot.telegram_bot_service:job:73 - Successfully send message to 861467568: Скоро вернусь с новым материалом!
2023-11-22 12:12:27.362 | INFO     | telegram_bot.telegram_bot_service:job:55 - Successfully send message to 861467568: Добрый день!
2023-11-22 12:12:34.356 | INFO     | telegram_bot.telegram_bot_service:job:63 - Successfully send message to 861467568: Подготовила для вас материал
2023-11-22 12:12:34.447 | INFO     | telegram_bot.telegram_bot_service:job:66 - Successfully send photo to 861467568: https://mimigram.ru/wp-content/uploads/2020/07/%D0%A7%D1%82%D0%BE-%D1%82%D0%B0%D0%BA%D0%BE%D0%B5-%D1%84%D0%BE%D1%82%D0%BE.jpeg
2023-11-22 12:12:41.473 | INFO     | telegram_bot.telegram_bot_service:job:73 - Successfully send message to 861467568: Скоро вернусь с новым материалом!
2023-11-22 12:12:48.356 | INFO     | telegram_bot.telegram_bot_service:job:55 - Successfully send message to 861467568: Добрый день!
2023-11-22 12:12:55.364 | INFO     | telegram_bot.telegram_bot_service:job:63 - Successfully send message to 861467568: Подготовила для вас материал
2023-11-22 12:12:55.453 | INFO     | telegram_bot.telegram_bot_service:job:66 - Successfully send photo to 861467568: https://mimigram.ru/wp-content/uploads/2020/07/%D0%A7%D1%82%D0%BE-%D1%82%D0%B0%D0%BA%D0%BE%D0%B5-%D1%84%D0%BE%D1%82%D0%BE.jpeg
2023-11-22 12:13:02.359 | INFO     | telegram_bot.telegram_bot_service:job:73 - Successfully send message to 861467568: Скоро вернусь с новым материалом!
2023-11-22 12:13:09.365 | INFO     | telegram_bot.telegram_bot_service:job:55 - Successfully send message to 861467568: Добрый день!
2023-11-22 12:13:16.359 | INFO     | telegram_bot.telegram_bot_service:job:63 - Successfully send message to 861467568: Подготовила для вас материал
2023-11-22 12:13:16.460 | INFO     | telegram_bot.telegram_bot_service:job:66 - Successfully send photo to 861467568: https://mimigram.ru/wp-content/uploads/2020/07/%D0%A7%D1%82%D0%BE-%D1%82%D0%B0%D0%BA%D0%BE%D0%B5-%D1%84%D0%BE%D1%82%D0%BE.jpeg
2023-11-22 12:13:23.360 | INFO     | telegram_bot.telegram_bot_service:job:73 - Successfully send message to 861467568: Скоро вернусь с новым материалом!
2023-11-22 12:13:30.410 | INFO     | telegram_bot.telegram_bot_service:job:55 - Successfully send message to 861467568: Добрый день!
2023-11-22 12:13:37.378 | INFO     | telegram_bot.telegram_bot_service:job:63 - Successfully send message to 861467568: Подготовила для вас материал
2023-11-22 12:13:37.506 | INFO     | telegram_bot.telegram_bot_service:job:66 - Successfully send photo to 861467568: https://mimigram.ru/wp-content/uploads/2020/07/%D0%A7%D1%82%D0%BE-%D1%82%D0%B0%D0%BA%D0%BE%D0%B5-%D1%84%D0%BE%D1%82%D0%BE.jpeg
2023-11-22 12:13:44.439 | INFO     | telegram_bot.telegram_bot_service:job:73 - Successfully send message to 861467568: Скоро вернусь с новым материалом!
2023-11-22 12:13:51.356 | INFO     | telegram_bot.telegram_bot_service:job:55 - Successfully send message to 861467568: Добрый день!
2023-11-22 12:13:58.357 | INFO     | telegram_bot.telegram_bot_service:job:63 - Successfully send message to 861467568: Подготовила для вас материал
2023-11-22 12:13:58.443 | INFO     | telegram_bot.telegram_bot_service:job:66 - Successfully send photo to 861467568: https://mimigram.ru/wp-content/uploads/2020/07/%D0%A7%D1%82%D0%BE-%D1%82%D0%B0%D0%BA%D0%BE%D0%B5-%D1%84%D0%BE%D1%82%D0%BE.jpeg
2023-11-22 12:14:05.452 | INFO     | telegram_bot.telegram_bot_service:job:73 - Successfully send message to 861467568: Скоро вернусь с новым материалом!
2023-11-22 12:14:12.393 | INFO     | telegram_bot.telegram_bot_service:job:55 - Successfully send message to 861467568: Добрый день!
2023-11-22 12:14:19.420 | INFO     | telegram_bot.telegram_bot_service:job:63 - Successfully send message to 861467568: Подготовила для вас материал
2023-11-22 12:14:19.592 | INFO     | telegram_bot.telegram_bot_service:job:66 - Successfully send photo to 861467568: https://mimigram.ru/wp-content/uploads/2020/07/%D0%A7%D1%82%D0%BE-%D1%82%D0%B0%D0%BA%D0%BE%D0%B5-%D1%84%D0%BE%D1%82%D0%BE.jpeg
2023-11-22 12:14:26.406 | INFO     | telegram_bot.telegram_bot_service:job:73 - Successfully send message to 861467568: Скоро вернусь с новым материалом!
2023-11-22 12:14:33.396 | INFO     | telegram_bot.telegram_bot_service:job:55 - Successfully send message to 861467568: Добрый день!
2023-11-22 12:14:40.379 | INFO     | telegram_bot.telegram_bot_service:job:63 - Successfully send message to 861467568: Подготовила для вас материал
2023-11-22 12:14:40.474 | INFO     | telegram_bot.telegram_bot_service:job:66 - Successfully send photo to 861467568: https://mimigram.ru/wp-content/uploads/2020/07/%D0%A7%D1%82%D0%BE-%D1%82%D0%B0%D0%BA%D0%BE%D0%B5-%D1%84%D0%BE%D1%82%D0%BE.jpeg
2023-11-22 12:14:47.428 | INFO     | telegram_bot.telegram_bot_service:job:73 - Successfully send message to 861467568: Скоро вернусь с новым материалом!
2023-11-22 12:14:54.363 | INFO     | telegram_bot.telegram_bot_service:job:55 - Successfully send message to 861467568: Добрый день!
2023-11-22 12:15:01.466 | INFO     | telegram_bot.telegram_bot_service:job:63 - Successfully send message to 861467568: Подготовила для вас материал
2023-11-22 12:15:01.634 | INFO     | telegram_bot.telegram_bot_service:job:66 - Successfully send photo to 861467568: https://mimigram.ru/wp-content/uploads/2020/07/%D0%A7%D1%82%D0%BE-%D1%82%D0%B0%D0%BA%D0%BE%D0%B5-%D1%84%D0%BE%D1%82%D0%BE.jpeg
2023-11-22 12:15:08.367 | INFO     | telegram_bot.telegram_bot_service:job:73 - Successfully send message to 861467568: Скоро вернусь с новым материалом!
2023-11-22 12:15:15.393 | INFO     | telegram_bot.telegram_bot_service:job:55 - Successfully send message to 861467568: Добрый день!
2023-11-22 12:15:22.365 | INFO     | telegram_bot.telegram_bot_service:job:63 - Successfully send message to 861467568: Подготовила для вас материал
2023-11-22 12:15:22.454 | INFO     | telegram_bot.telegram_bot_service:job:66 - Successfully send photo to 861467568: https://mimigram.ru/wp-content/uploads/2020/07/%D0%A7%D1%82%D0%BE-%D1%82%D0%B0%D0%BA%D0%BE%D0%B5-%D1%84%D0%BE%D1%82%D0%BE.jpeg
2023-11-22 12:15:29.413 | INFO     | telegram_bot.telegram_bot_service:job:73 - Successfully send message to 861467568: Скоро вернусь с новым материалом!
2023-11-22 12:15:36.363 | INFO     | telegram_bot.telegram_bot_service:job:55 - Successfully send message to 861467568: Добрый день!
2023-11-22 12:15:43.396 | INFO     | telegram_bot.telegram_bot_service:job:63 - Successfully send message to 861467568: Подготовила для вас материал
2023-11-22 12:15:43.514 | INFO     | telegram_bot.telegram_bot_service:job:66 - Successfully send photo to 861467568: https://mimigram.ru/wp-content/uploads/2020/07/%D0%A7%D1%82%D0%BE-%D1%82%D0%B0%D0%BA%D0%BE%D0%B5-%D1%84%D0%BE%D1%82%D0%BE.jpeg
2023-11-22 12:15:50.496 | INFO     | telegram_bot.telegram_bot_service:job:73 - Successfully send message to 861467568: Скоро вернусь с новым материалом!
2023-11-22 12:15:57.378 | INFO     | telegram_bot.telegram_bot_service:job:55 - Successfully send message to 861467568: Добрый день!
2023-11-22 12:16:04.380 | INFO     | telegram_bot.telegram_bot_service:job:63 - Successfully send message to 861467568: Подготовила для вас материал
2023-11-22 12:16:04.493 | INFO     | telegram_bot.telegram_bot_service:job:66 - Successfully send photo to 861467568: https://mimigram.ru/wp-content/uploads/2020/07/%D0%A7%D1%82%D0%BE-%D1%82%D0%B0%D0%BA%D0%BE%D0%B5-%D1%84%D0%BE%D1%82%D0%BE.jpeg
2023-11-22 12:16:11.368 | INFO     | telegram_bot.telegram_bot_service:job:73 - Successfully send message to 861467568: Скоро вернусь с новым материалом!
2023-11-22 12:16:18.419 | INFO     | telegram_bot.telegram_bot_service:job:55 - Successfully send message to 861467568: Добрый день!
2023-11-22 12:16:25.533 | INFO     | telegram_bot.telegram_bot_service:job:63 - Successfully send message to 861467568: Подготовила для вас материал
2023-11-22 12:16:25.719 | INFO     | telegram_bot.telegram_bot_service:job:66 - Successfully send photo to 861467568: https://mimigram.ru/wp-content/uploads/2020/07/%D0%A7%D1%82%D0%BE-%D1%82%D0%B0%D0%BA%D0%BE%D0%B5-%D1%84%D0%BE%D1%82%D0%BE.jpeg
2023-11-22 12:16:32.369 | INFO     | telegram_bot.telegram_bot_service:job:73 - Successfully send message to 861467568: Скоро вернусь с новым материалом!
2023-11-22 12:16:39.359 | INFO     | telegram_bot.telegram_bot_service:job:55 - Successfully send message to 861467568: Добрый день!
2023-11-22 12:16:46.356 | INFO     | telegram_bot.telegram_bot_service:job:63 - Successfully send message to 861467568: Подготовила для вас материал
2023-11-22 12:16:46.451 | INFO     | telegram_bot.telegram_bot_service:job:66 - Successfully send photo to 861467568: https://mimigram.ru/wp-content/uploads/2020/07/%D0%A7%D1%82%D0%BE-%D1%82%D0%B0%D0%BA%D0%BE%D0%B5-%D1%84%D0%BE%D1%82%D0%BE.jpeg
2023-11-22 12:16:53.444 | INFO     | telegram_bot.telegram_bot_service:job:73 - Successfully send message to 861467568: Скоро вернусь с новым материалом!
2023-11-22 12:17:00.357 | INFO     | telegram_bot.telegram_bot_service:job:55 - Successfully send message to 861467568: Добрый день!
2023-11-22 12:17:07.359 | INFO     | telegram_bot.telegram_bot_service:job:63 - Successfully send message to 861467568: Подготовила для вас материал
2023-11-22 12:17:07.469 | INFO     | telegram_bot.telegram_bot_service:job:66 - Successfully send photo to 861467568: https://mimigram.ru/wp-content/uploads/2020/07/%D0%A7%D1%82%D0%BE-%D1%82%D0%B0%D0%BA%D0%BE%D0%B5-%D1%84%D0%BE%D1%82%D0%BE.jpeg
2023-11-22 12:17:14.368 | INFO     | telegram_bot.telegram_bot_service:job:73 - Successfully send message to 861467568: Скоро вернусь с новым материалом!
2023-11-22 12:17:21.361 | INFO     | telegram_bot.telegram_bot_service:job:55 - Successfully send message to 861467568: Добрый день!
2023-11-22 12:17:28.359 | INFO     | telegram_bot.telegram_bot_service:job:63 - Successfully send message to 861467568: Подготовила для вас материал
2023-11-22 12:17:28.447 | INFO     | telegram_bot.telegram_bot_service:job:66 - Successfully send photo to 861467568: https://mimigram.ru/wp-content/uploads/2020/07/%D0%A7%D1%82%D0%BE-%D1%82%D0%B0%D0%BA%D0%BE%D0%B5-%D1%84%D0%BE%D1%82%D0%BE.jpeg
2023-11-22 12:17:35.488 | INFO     | telegram_bot.telegram_bot_service:job:73 - Successfully send message to 861467568: Скоро вернусь с новым материалом!
2023-11-22 12:17:42.366 | INFO     | telegram_bot.telegram_bot_service:job:55 - Successfully send message to 861467568: Добрый день!
2023-11-22 12:17:49.359 | INFO     | telegram_bot.telegram_bot_service:job:63 - Successfully send message to 861467568: Подготовила для вас материал
2023-11-22 12:17:49.446 | INFO     | telegram_bot.telegram_bot_service:job:66 - Successfully send photo to 861467568: https://mimigram.ru/wp-content/uploads/2020/07/%D0%A7%D1%82%D0%BE-%D1%82%D0%B0%D0%BA%D0%BE%D0%B5-%D1%84%D0%BE%D1%82%D0%BE.jpeg
2023-11-22 12:17:56.356 | INFO     | telegram_bot.telegram_bot_service:job:73 - Successfully send message to 861467568: Скоро вернусь с новым материалом!
2023-11-22 12:18:03.356 | INFO     | telegram_bot.telegram_bot_service:job:55 - Successfully send message to 861467568: Добрый день!
2023-11-22 12:18:10.358 | INFO     | telegram_bot.telegram_bot_service:job:63 - Successfully send message to 861467568: Подготовила для вас материал
2023-11-22 12:18:10.503 | INFO     | telegram_bot.telegram_bot_service:job:66 - Successfully send photo to 861467568: https://mimigram.ru/wp-content/uploads/2020/07/%D0%A7%D1%82%D0%BE-%D1%82%D0%B0%D0%BA%D0%BE%D0%B5-%D1%84%D0%BE%D1%82%D0%BE.jpeg
2023-11-22 12:18:17.434 | INFO     | telegram_bot.telegram_bot_service:job:73 - Successfully send message to 861467568: Скоро вернусь с новым материалом!
2023-11-22 12:18:24.405 | INFO     | telegram_bot.telegram_bot_service:job:55 - Successfully send message to 861467568: Добрый день!
2023-11-22 12:18:31.360 | INFO     | telegram_bot.telegram_bot_service:job:63 - Successfully send message to 861467568: Подготовила для вас материал
2023-11-22 12:18:31.455 | INFO     | telegram_bot.telegram_bot_service:job:66 - Successfully send photo to 861467568: https://mimigram.ru/wp-content/uploads/2020/07/%D0%A7%D1%82%D0%BE-%D1%82%D0%B0%D0%BA%D0%BE%D0%B5-%D1%84%D0%BE%D1%82%D0%BE.jpeg
2023-11-22 12:18:38.357 | INFO     | telegram_bot.telegram_bot_service:job:73 - Successfully send message to 861467568: Скоро вернусь с новым материалом!
2023-11-22 12:18:45.372 | INFO     | telegram_bot.telegram_bot_service:job:55 - Successfully send message to 861467568: Добрый день!
2023-11-22 12:18:48.901 | INFO     | app:main:10 - testbot started
2023-11-22 12:18:48.902 | INFO     | app:main:11 - PostgreSQL connection postgres://postgres@localhost/test_base
2023-11-22 12:18:48.914 | INFO     | telegram_bot.telegram_bot_service:run_bot_task:41 - Bot polling started
2023-11-22 12:18:51.999 | INFO     | telegram_bot.telegram_bot_service:job:63 - Successfully send message to 861467568: Подготовила для вас материал
2023-11-22 12:18:52.090 | INFO     | telegram_bot.telegram_bot_service:job:66 - Successfully send photo to 861467568: https://mimigram.ru/wp-content/uploads/2020/07/%D0%A7%D1%82%D0%BE-%D1%82%D0%B0%D0%BA%D0%BE%D0%B5-%D1%84%D0%BE%D1%82%D0%BE.jpeg
2023-11-22 12:18:59.000 | INFO     | telegram_bot.telegram_bot_service:job:73 - Successfully send message to 861467568: Скоро вернусь с новым материалом!
2023-11-22 12:19:06.043 | INFO     | telegram_bot.telegram_bot_service:job:55 - Successfully send message to 861467568: Добрый день!
2023-11-22 12:19:13.017 | INFO     | telegram_bot.telegram_bot_service:job:63 - Successfully send message to 861467568: Подготовила для вас материал
2023-11-22 12:19:13.129 | INFO     | telegram_bot.telegram_bot_service:job:66 - Successfully send photo to 861467568: https://mimigram.ru/wp-content/uploads/2020/07/%D0%A7%D1%82%D0%BE-%D1%82%D0%B0%D0%BA%D0%BE%D0%B5-%D1%84%D0%BE%D1%82%D0%BE.jpeg
2023-11-22 12:19:20.062 | INFO     | telegram_bot.telegram_bot_service:job:73 - Successfully send message to 861467568: Скоро вернусь с новым материалом!
2023-11-22 12:19:26.176 | INFO     | app:main:10 - testbot started
2023-11-22 12:19:26.176 | INFO     | app:main:11 - PostgreSQL connection postgres://postgres@localhost/test_base
2023-11-22 12:19:26.189 | INFO     | telegram_bot.telegram_bot_service:run_bot_task:41 - Bot polling started
2023-11-22 12:19:28.299 | INFO     | telegram_bot.telegram_bot_service:job:55 - Successfully send message to 861467568: Добрый день!
2023-11-22 12:19:35.280 | INFO     | telegram_bot.telegram_bot_service:job:63 - Successfully send message to 861467568: Подготовила для вас материал
2023-11-22 12:19:35.364 | INFO     | telegram_bot.telegram_bot_service:job:66 - Successfully send photo to 861467568: https://mimigram.ru/wp-content/uploads/2020/07/%D0%A7%D1%82%D0%BE-%D1%82%D0%B0%D0%BA%D0%BE%D0%B5-%D1%84%D0%BE%D1%82%D0%BE.jpeg
2023-11-22 12:19:42.352 | INFO     | telegram_bot.telegram_bot_service:job:73 - Successfully send message to 861467568: Скоро вернусь с новым материалом!
2023-11-22 12:19:51.826 | INFO     | app:main:10 - testbot started
2023-11-22 12:19:51.826 | INFO     | app:main:11 - PostgreSQL connection postgres://postgres@localhost/test_base
2023-11-22 12:19:51.836 | INFO     | telegram_bot.telegram_bot_service:run_bot_task:41 - Bot polling started
2023-11-22 12:19:53.070 | INFO     | telegram_bot.telegram_bot_service:job:55 - Successfully send message to 861467568: Добрый день!
2023-11-22 12:20:00.970 | INFO     | app:main:10 - testbot started
2023-11-22 12:20:00.970 | INFO     | app:main:11 - PostgreSQL connection postgres://postgres@localhost/test_base
2023-11-22 12:20:00.980 | INFO     | telegram_bot.telegram_bot_service:run_bot_task:41 - Bot polling started
2023-11-22 12:20:02.173 | INFO     | telegram_bot.telegram_bot_service:job:63 - Successfully send message to 861467568: Подготовила для вас материал
2023-11-22 12:20:02.319 | INFO     | telegram_bot.telegram_bot_service:job:66 - Successfully send photo to 861467568: https://mimigram.ru/wp-content/uploads/2020/07/%D0%A7%D1%82%D0%BE-%D1%82%D0%B0%D0%BA%D0%BE%D0%B5-%D1%84%D0%BE%D1%82%D0%BE.jpeg
2023-11-22 12:20:09.279 | INFO     | telegram_bot.telegram_bot_service:job:73 - Successfully send message to 861467568: Скоро вернусь с новым материалом!
2023-11-22 12:20:16.069 | INFO     | telegram_bot.telegram_bot_service:job:55 - Successfully send message to 861467568: Добрый день!
2023-11-22 12:20:23.076 | INFO     | telegram_bot.telegram_bot_service:job:63 - Successfully send message to 861467568: Подготовила для вас материал
2023-11-22 12:20:23.168 | INFO     | telegram_bot.telegram_bot_service:job:66 - Successfully send photo to 861467568: https://mimigram.ru/wp-content/uploads/2020/07/%D0%A7%D1%82%D0%BE-%D1%82%D0%B0%D0%BA%D0%BE%D0%B5-%D1%84%D0%BE%D1%82%D0%BE.jpeg
2023-11-22 12:24:34.891 | INFO     | app:main:10 - testbot started
2023-11-22 12:24:34.891 | INFO     | app:main:11 - PostgreSQL connection postgres://postgres@localhost/test_base
2023-11-22 12:24:34.903 | INFO     | telegram_bot.telegram_bot_service:run_bot_task:42 - Bot polling started
2023-11-22 12:25:17.363 | INFO     | app:main:10 - testbot started
2023-11-22 12:25:17.363 | INFO     | app:main:11 - PostgreSQL connection postgres://postgres@localhost/test_base
2023-11-22 12:25:17.374 | INFO     | telegram_bot.telegram_bot_service:run_bot_task:42 - Bot polling started
2023-11-22 12:25:18.556 | INFO     | telegram_bot.telegram_bot_service:job:74 - Successfully send message to 861467568: Скоро вернусь с новым материалом!
2023-11-22 12:25:19.498 | INFO     | telegram_bot.telegram_bot_service:job:74 - Successfully send message to 861467568: Скоро вернусь с новым материалом!
2023-11-22 12:25:20.549 | INFO     | telegram_bot.telegram_bot_service:job:74 - Successfully send message to 861467568: Скоро вернусь с новым материалом!
2023-11-22 12:25:51.423 | INFO     | app:main:10 - testbot started
2023-11-22 12:25:51.423 | INFO     | app:main:11 - PostgreSQL connection postgres://postgres@localhost/test_base
2023-11-22 12:25:51.434 | INFO     | telegram_bot.telegram_bot_service:run_bot_task:42 - Bot polling started
2023-11-22 12:25:52.579 | INFO     | telegram_bot.telegram_bot_service:job:74 - Successfully send message to 861467568: Скоро вернусь с новым материалом!
2023-11-22 12:25:59.574 | INFO     | telegram_bot.telegram_bot_service:job:56 - Successfully send message to 861467568: Добрый день!
2023-11-22 12:26:06.564 | INFO     | telegram_bot.telegram_bot_service:job:64 - Successfully send message to 861467568: Подготовила для вас материал
2023-11-22 12:26:06.683 | INFO     | telegram_bot.telegram_bot_service:job:67 - Successfully send photo to 861467568: https://mimigram.ru/wp-content/uploads/2020/07/%D0%A7%D1%82%D0%BE-%D1%82%D0%B0%D0%BA%D0%BE%D0%B5-%D1%84%D0%BE%D1%82%D0%BE.jpeg
2023-11-22 12:26:13.519 | INFO     | telegram_bot.telegram_bot_service:job:74 - Successfully send message to 861467568: Скоро вернусь с новым материалом!
2023-11-22 12:26:20.522 | INFO     | telegram_bot.telegram_bot_service:job:56 - Successfully send message to 861467568: Добрый день!
2023-11-22 12:26:27.553 | INFO     | telegram_bot.telegram_bot_service:job:64 - Successfully send message to 861467568: Подготовила для вас материал
2023-11-22 12:26:27.662 | INFO     | telegram_bot.telegram_bot_service:job:67 - Successfully send photo to 861467568: https://mimigram.ru/wp-content/uploads/2020/07/%D0%A7%D1%82%D0%BE-%D1%82%D0%B0%D0%BA%D0%BE%D0%B5-%D1%84%D0%BE%D1%82%D0%BE.jpeg
2023-11-22 12:26:34.512 | INFO     | telegram_bot.telegram_bot_service:job:74 - Successfully send message to 861467568: Скоро вернусь с новым материалом!
2023-11-22 12:26:41.537 | INFO     | telegram_bot.telegram_bot_service:job:56 - Successfully send message to 861467568: Добрый день!
2023-11-22 12:26:48.551 | INFO     | telegram_bot.telegram_bot_service:job:64 - Successfully send message to 861467568: Подготовила для вас материал
2023-11-22 12:26:48.727 | INFO     | telegram_bot.telegram_bot_service:job:67 - Successfully send photo to 861467568: https://mimigram.ru/wp-content/uploads/2020/07/%D0%A7%D1%82%D0%BE-%D1%82%D0%B0%D0%BA%D0%BE%D0%B5-%D1%84%D0%BE%D1%82%D0%BE.jpeg
2023-11-22 12:26:55.515 | INFO     | telegram_bot.telegram_bot_service:job:74 - Successfully send message to 861467568: Скоро вернусь с новым материалом!
2023-11-22 12:27:02.510 | INFO     | telegram_bot.telegram_bot_service:job:56 - Successfully send message to 861467568: Добрый день!
2023-11-22 12:27:09.515 | INFO     | telegram_bot.telegram_bot_service:job:64 - Successfully send message to 861467568: Подготовила для вас материал
2023-11-22 12:27:09.619 | INFO     | telegram_bot.telegram_bot_service:job:67 - Successfully send photo to 861467568: https://mimigram.ru/wp-content/uploads/2020/07/%D0%A7%D1%82%D0%BE-%D1%82%D0%B0%D0%BA%D0%BE%D0%B5-%D1%84%D0%BE%D1%82%D0%BE.jpeg
2023-11-22 12:27:16.569 | INFO     | telegram_bot.telegram_bot_service:job:74 - Successfully send message to 861467568: Скоро вернусь с новым материалом!
2023-11-22 12:27:23.513 | INFO     | telegram_bot.telegram_bot_service:job:56 - Successfully send message to 861467568: Добрый день!
2023-11-22 12:27:30.615 | INFO     | telegram_bot.telegram_bot_service:job:64 - Successfully send message to 861467568: Подготовила для вас материал
2023-11-22 12:27:30.781 | INFO     | telegram_bot.telegram_bot_service:job:67 - Successfully send photo to 861467568: https://mimigram.ru/wp-content/uploads/2020/07/%D0%A7%D1%82%D0%BE-%D1%82%D0%B0%D0%BA%D0%BE%D0%B5-%D1%84%D0%BE%D1%82%D0%BE.jpeg
2023-11-22 12:27:37.517 | INFO     | telegram_bot.telegram_bot_service:job:74 - Successfully send message to 861467568: Скоро вернусь с новым материалом!
2023-11-22 12:27:44.555 | INFO     | telegram_bot.telegram_bot_service:job:56 - Successfully send message to 861467568: Добрый день!
2023-11-22 12:27:51.527 | INFO     | telegram_bot.telegram_bot_service:job:64 - Successfully send message to 861467568: Подготовила для вас материал
2023-11-22 12:27:51.614 | INFO     | telegram_bot.telegram_bot_service:job:67 - Successfully send photo to 861467568: https://mimigram.ru/wp-content/uploads/2020/07/%D0%A7%D1%82%D0%BE-%D1%82%D0%B0%D0%BA%D0%BE%D0%B5-%D1%84%D0%BE%D1%82%D0%BE.jpeg
2023-11-22 12:27:58.526 | INFO     | telegram_bot.telegram_bot_service:job:74 - Successfully send message to 861467568: Скоро вернусь с новым материалом!
2023-11-22 12:28:05.520 | INFO     | telegram_bot.telegram_bot_service:job:56 - Successfully send message to 861467568: Добрый день!
2023-11-22 12:28:12.537 | INFO     | telegram_bot.telegram_bot_service:job:64 - Successfully send message to 861467568: Подготовила для вас материал
2023-11-22 12:28:12.622 | INFO     | telegram_bot.telegram_bot_service:job:67 - Successfully send photo to 861467568: https://mimigram.ru/wp-content/uploads/2020/07/%D0%A7%D1%82%D0%BE-%D1%82%D0%B0%D0%BA%D0%BE%D0%B5-%D1%84%D0%BE%D1%82%D0%BE.jpeg
2023-11-22 12:28:19.620 | INFO     | telegram_bot.telegram_bot_service:job:74 - Successfully send message to 861467568: Скоро вернусь с новым материалом!
2023-11-22 12:28:22.951 | INFO     | app:main:10 - testbot started
2023-11-22 12:28:22.951 | INFO     | app:main:11 - PostgreSQL connection postgres://postgres@localhost/test_base
2023-11-22 12:28:22.964 | INFO     | telegram_bot.telegram_bot_service:run_bot_task:42 - Bot polling started
2023-11-22 12:28:26.108 | INFO     | telegram_bot.telegram_bot_service:job:57 - Successfully send message to 861467568: Добрый день!
2023-11-22 12:28:33.064 | INFO     | telegram_bot.telegram_bot_service:job:65 - Successfully send message to 861467568: Подготовила для вас материал
2023-11-22 12:28:33.171 | INFO     | telegram_bot.telegram_bot_service:job:68 - Successfully send photo to 861467568: https://mimigram.ru/wp-content/uploads/2020/07/%D0%A7%D1%82%D0%BE-%D1%82%D0%B0%D0%BA%D0%BE%D0%B5-%D1%84%D0%BE%D1%82%D0%BE.jpeg
2023-11-22 12:28:40.049 | INFO     | telegram_bot.telegram_bot_service:job:75 - Successfully send message to 861467568: Скоро вернусь с новым материалом!
2023-11-22 12:28:47.053 | INFO     | telegram_bot.telegram_bot_service:job:57 - Successfully send message to 861467568: Добрый день!
2023-11-22 12:28:54.237 | INFO     | telegram_bot.telegram_bot_service:job:65 - Successfully send message to 861467568: Подготовила для вас материал
2023-11-22 12:28:54.449 | INFO     | telegram_bot.telegram_bot_service:job:68 - Successfully send photo to 861467568: https://mimigram.ru/wp-content/uploads/2020/07/%D0%A7%D1%82%D0%BE-%D1%82%D0%B0%D0%BA%D0%BE%D0%B5-%D1%84%D0%BE%D1%82%D0%BE.jpeg
2023-11-22 12:28:57.746 | INFO     | app:main:10 - testbot started
2023-11-22 12:28:57.746 | INFO     | app:main:11 - PostgreSQL connection postgres://postgres@localhost/test_base
2023-11-22 12:28:57.756 | INFO     | telegram_bot.telegram_bot_service:run_bot_task:42 - Bot polling started
2023-11-22 12:29:00.836 | INFO     | telegram_bot.telegram_bot_service:job:75 - Successfully send message to 861467568: Скоро вернусь с новым материалом!
2023-11-22 12:29:07.914 | INFO     | telegram_bot.telegram_bot_service:job:57 - Successfully send message to 861467568: Добрый день!
2023-11-22 12:29:14.837 | INFO     | telegram_bot.telegram_bot_service:job:65 - Successfully send message to 861467568: Подготовила для вас материал
2023-11-22 12:29:14.922 | INFO     | telegram_bot.telegram_bot_service:job:68 - Successfully send photo to 861467568: https://mimigram.ru/wp-content/uploads/2020/07/%D0%A7%D1%82%D0%BE-%D1%82%D0%B0%D0%BA%D0%BE%D0%B5-%D1%84%D0%BE%D1%82%D0%BE.jpeg
2023-11-22 12:29:21.836 | INFO     | telegram_bot.telegram_bot_service:job:75 - Successfully send message to 861467568: Скоро вернусь с новым материалом!
2023-11-22 12:29:29.450 | INFO     | app:main:10 - testbot started
2023-11-22 12:29:29.451 | INFO     | app:main:11 - PostgreSQL connection postgres://postgres@localhost/test_base
2023-11-22 12:29:29.462 | INFO     | telegram_bot.telegram_bot_service:run_bot_task:42 - Bot polling started
2023-11-22 12:29:31.551 | INFO     | telegram_bot.telegram_bot_service:job:57 - Successfully send message to 861467568: Добрый день!
2023-11-22 12:29:38.540 | INFO     | telegram_bot.telegram_bot_service:job:65 - Successfully send message to 861467568: Подготовила для вас материал
2023-11-22 12:29:38.724 | INFO     | telegram_bot.telegram_bot_service:job:68 - Successfully send photo to 861467568: https://mimigram.ru/wp-content/uploads/2020/07/%D0%A7%D1%82%D0%BE-%D1%82%D0%B0%D0%BA%D0%BE%D0%B5-%D1%84%D0%BE%D1%82%D0%BE.jpeg
2023-11-22 12:29:42.372 | INFO     | app:main:10 - testbot started
2023-11-22 12:29:42.372 | INFO     | app:main:11 - PostgreSQL connection postgres://postgres@localhost/test_base
2023-11-22 12:29:42.383 | INFO     | telegram_bot.telegram_bot_service:run_bot_task:42 - Bot polling started
2023-11-22 12:29:45.486 | INFO     | telegram_bot.telegram_bot_service:job:75 - Successfully send message to 861467568: Скоро вернусь с новым материалом!
2023-11-22 12:29:52.526 | INFO     | telegram_bot.telegram_bot_service:job:57 - Successfully send message to 861467568: Добрый день!
2023-11-22 12:29:59.486 | INFO     | telegram_bot.telegram_bot_service:job:65 - Successfully send message to 861467568: Подготовила для вас материал
2023-11-22 12:29:59.724 | INFO     | telegram_bot.telegram_bot_service:job:68 - Successfully send photo to 861467568: https://mimigram.ru/wp-content/uploads/2020/07/%D0%A7%D1%82%D0%BE-%D1%82%D0%B0%D0%BA%D0%BE%D0%B5-%D1%84%D0%BE%D1%82%D0%BE.jpeg
2023-11-22 12:30:06.507 | INFO     | telegram_bot.telegram_bot_service:job:75 - Successfully send message to 861467568: Скоро вернусь с новым материалом!
2023-11-22 12:30:13.475 | INFO     | telegram_bot.telegram_bot_service:job:57 - Successfully send message to 861467568: Добрый день!
2023-11-22 12:30:20.549 | INFO     | telegram_bot.telegram_bot_service:job:65 - Successfully send message to 861467568: Подготовила для вас материал
2023-11-22 12:30:20.724 | INFO     | telegram_bot.telegram_bot_service:job:68 - Successfully send photo to 861467568: https://mimigram.ru/wp-content/uploads/2020/07/%D0%A7%D1%82%D0%BE-%D1%82%D0%B0%D0%BA%D0%BE%D0%B5-%D1%84%D0%BE%D1%82%D0%BE.jpeg
2023-11-22 12:30:27.470 | INFO     | telegram_bot.telegram_bot_service:job:75 - Successfully send message to 861467568: Скоро вернусь с новым материалом!
2023-11-22 12:30:34.467 | INFO     | telegram_bot.telegram_bot_service:job:57 - Successfully send message to 861467568: Добрый день!
2023-11-22 12:30:41.468 | INFO     | telegram_bot.telegram_bot_service:job:65 - Successfully send message to 861467568: Подготовила для вас материал
2023-11-22 12:30:41.566 | INFO     | telegram_bot.telegram_bot_service:job:68 - Successfully send photo to 861467568: https://mimigram.ru/wp-content/uploads/2020/07/%D0%A7%D1%82%D0%BE-%D1%82%D0%B0%D0%BA%D0%BE%D0%B5-%D1%84%D0%BE%D1%82%D0%BE.jpeg
2023-11-22 12:30:48.602 | INFO     | telegram_bot.telegram_bot_service:job:75 - Successfully send message to 861467568: Скоро вернусь с новым материалом!
2023-11-22 12:30:55.540 | INFO     | telegram_bot.telegram_bot_service:job:57 - Successfully send message to 861467568: Добрый день!
2023-11-22 12:31:02.546 | INFO     | telegram_bot.telegram_bot_service:job:65 - Successfully send message to 861467568: Подготовила для вас материал
2023-11-22 12:31:02.766 | INFO     | telegram_bot.telegram_bot_service:job:68 - Successfully send photo to 861467568: https://mimigram.ru/wp-content/uploads/2020/07/%D0%A7%D1%82%D0%BE-%D1%82%D0%B0%D0%BA%D0%BE%D0%B5-%D1%84%D0%BE%D1%82%D0%BE.jpeg
2023-11-22 12:31:09.604 | INFO     | telegram_bot.telegram_bot_service:job:75 - Successfully send message to 861467568: Скоро вернусь с новым материалом!
2023-11-22 12:32:41.028 | INFO     | app:main:10 - testbot started
2023-11-22 12:32:41.028 | INFO     | app:main:11 - PostgreSQL connection postgres://postgres@localhost/test_base
2023-11-22 12:32:41.040 | INFO     | telegram_bot.telegram_bot_service:run_bot_task:42 - Bot polling started
2023-11-22 12:32:43.126 | INFO     | telegram_bot.telegram_bot_service:job:57 - Successfully send message to 861467568: Добрый день!
2023-11-22 12:32:50.147 | INFO     | telegram_bot.telegram_bot_service:job:65 - Successfully send message to 861467568: Подготовила для вас материал
2023-11-22 12:32:50.271 | INFO     | telegram_bot.telegram_bot_service:job:68 - Successfully send photo to 861467568: https://mimigram.ru/wp-content/uploads/2020/07/%D0%A7%D1%82%D0%BE-%D1%82%D0%B0%D0%BA%D0%BE%D0%B5-%D1%84%D0%BE%D1%82%D0%BE.jpeg
2023-11-22 12:32:57.120 | INFO     | telegram_bot.telegram_bot_service:job:75 - Successfully send message to 861467568: Скоро вернусь с новым материалом!
2023-11-22 12:33:04.169 | INFO     | telegram_bot.telegram_bot_service:job:57 - Successfully send message to 861467568: Добрый день!
2023-11-22 12:33:11.192 | INFO     | telegram_bot.telegram_bot_service:job:65 - Successfully send message to 861467568: Подготовила для вас материал
2023-11-22 12:33:11.330 | INFO     | telegram_bot.telegram_bot_service:job:68 - Successfully send photo to 861467568: https://mimigram.ru/wp-content/uploads/2020/07/%D0%A7%D1%82%D0%BE-%D1%82%D0%B0%D0%BA%D0%BE%D0%B5-%D1%84%D0%BE%D1%82%D0%BE.jpeg
2023-11-22 12:33:18.198 | INFO     | telegram_bot.telegram_bot_service:job:75 - Successfully send message to 861467568: Скоро вернусь с новым материалом!
2023-11-22 12:33:25.145 | INFO     | telegram_bot.telegram_bot_service:job:57 - Successfully send message to 861467568: Добрый день!
2023-11-22 12:33:32.132 | INFO     | telegram_bot.telegram_bot_service:job:65 - Successfully send message to 861467568: Подготовила для вас материал
2023-11-22 12:33:32.334 | INFO     | telegram_bot.telegram_bot_service:job:68 - Successfully send photo to 861467568: https://mimigram.ru/wp-content/uploads/2020/07/%D0%A7%D1%82%D0%BE-%D1%82%D0%B0%D0%BA%D0%BE%D0%B5-%D1%84%D0%BE%D1%82%D0%BE.jpeg
2023-11-22 12:33:39.133 | INFO     | telegram_bot.telegram_bot_service:job:75 - Successfully send message to 861467568: Скоро вернусь с новым материалом!
2023-11-22 12:33:41.182 | INFO     | app:main:10 - testbot started
2023-11-22 12:33:41.183 | INFO     | app:main:11 - PostgreSQL connection postgres://postgres@localhost/test_base
2023-11-22 12:33:41.193 | INFO     | telegram_bot.telegram_bot_service:run_bot_task:42 - Bot polling started
2023-11-22 12:33:46.272 | INFO     | telegram_bot.telegram_bot_service:job:57 - Successfully send message to 861467568: Добрый день!
2023-11-22 12:33:53.296 | INFO     | telegram_bot.telegram_bot_service:job:65 - Successfully send message to 861467568: Подготовила для вас материал
2023-11-22 12:33:53.400 | INFO     | telegram_bot.telegram_bot_service:job:68 - Successfully send photo to 861467568: https://mimigram.ru/wp-content/uploads/2020/07/%D0%A7%D1%82%D0%BE-%D1%82%D0%B0%D0%BA%D0%BE%D0%B5-%D1%84%D0%BE%D1%82%D0%BE.jpeg
2023-11-22 12:33:59.171 | INFO     | app:main:10 - testbot started
2023-11-22 12:33:59.171 | INFO     | app:main:11 - PostgreSQL connection postgres://postgres@localhost/test_base
2023-11-22 12:33:59.182 | INFO     | telegram_bot.telegram_bot_service:run_bot_task:42 - Bot polling started
2023-11-22 12:34:00.360 | INFO     | telegram_bot.telegram_bot_service:job:75 - Successfully send message to 861467568: Скоро вернусь с новым материалом!
2023-11-22 12:34:07.265 | INFO     | telegram_bot.telegram_bot_service:job:57 - Successfully send message to 861467568: Добрый день!
2023-11-22 12:34:14.267 | INFO     | telegram_bot.telegram_bot_service:job:65 - Successfully send message to 861467568: Подготовила для вас материал
2023-11-22 12:34:14.354 | INFO     | telegram_bot.telegram_bot_service:job:68 - Successfully send photo to 861467568: https://mimigram.ru/wp-content/uploads/2020/07/%D0%A7%D1%82%D0%BE-%D1%82%D0%B0%D0%BA%D0%BE%D0%B5-%D1%84%D0%BE%D1%82%D0%BE.jpeg
2023-11-22 12:34:21.326 | INFO     | telegram_bot.telegram_bot_service:job:75 - Successfully send message to 861467568: Скоро вернусь с новым материалом!
2023-11-22 12:34:28.395 | INFO     | telegram_bot.telegram_bot_service:job:57 - Successfully send message to 861467568: Добрый день!
2023-11-22 12:34:35.391 | INFO     | telegram_bot.telegram_bot_service:job:65 - Successfully send message to 861467568: Подготовила для вас материал
2023-11-22 12:34:35.594 | INFO     | telegram_bot.telegram_bot_service:job:68 - Successfully send photo to 861467568: https://mimigram.ru/wp-content/uploads/2020/07/%D0%A7%D1%82%D0%BE-%D1%82%D0%B0%D0%BA%D0%BE%D0%B5-%D1%84%D0%BE%D1%82%D0%BE.jpeg
2023-11-22 12:34:42.291 | INFO     | telegram_bot.telegram_bot_service:job:75 - Successfully send message to 861467568: Скоро вернусь с новым материалом!
2023-11-22 12:34:49.278 | INFO     | telegram_bot.telegram_bot_service:job:57 - Successfully send message to 861467568: Добрый день!
2023-11-22 12:34:56.266 | INFO     | telegram_bot.telegram_bot_service:job:65 - Successfully send message to 861467568: Подготовила для вас материал
2023-11-22 12:34:56.461 | INFO     | telegram_bot.telegram_bot_service:job:68 - Successfully send photo to 861467568: https://mimigram.ru/wp-content/uploads/2020/07/%D0%A7%D1%82%D0%BE-%D1%82%D0%B0%D0%BA%D0%BE%D0%B5-%D1%84%D0%BE%D1%82%D0%BE.jpeg
2023-11-22 12:35:03.263 | INFO     | telegram_bot.telegram_bot_service:job:75 - Successfully send message to 861467568: Скоро вернусь с новым материалом!
2023-11-22 12:35:10.337 | INFO     | telegram_bot.telegram_bot_service:job:57 - Successfully send message to 861467568: Добрый день!
2023-11-22 12:35:17.289 | INFO     | telegram_bot.telegram_bot_service:job:65 - Successfully send message to 861467568: Подготовила для вас материал
2023-11-22 12:35:17.427 | INFO     | telegram_bot.telegram_bot_service:job:68 - Successfully send photo to 861467568: https://mimigram.ru/wp-content/uploads/2020/07/%D0%A7%D1%82%D0%BE-%D1%82%D0%B0%D0%BA%D0%BE%D0%B5-%D1%84%D0%BE%D1%82%D0%BE.jpeg
2023-11-22 12:35:24.274 | INFO     | telegram_bot.telegram_bot_service:job:75 - Successfully send message to 861467568: Скоро вернусь с новым материалом!
2023-11-22 12:35:31.328 | INFO     | telegram_bot.telegram_bot_service:job:57 - Successfully send message to 861467568: Добрый день!
2023-11-22 12:35:38.384 | INFO     | telegram_bot.telegram_bot_service:job:65 - Successfully send message to 861467568: Подготовила для вас материал
2023-11-22 12:35:38.676 | INFO     | telegram_bot.telegram_bot_service:job:68 - Successfully send photo to 861467568: https://mimigram.ru/wp-content/uploads/2020/07/%D0%A7%D1%82%D0%BE-%D1%82%D0%B0%D0%BA%D0%BE%D0%B5-%D1%84%D0%BE%D1%82%D0%BE.jpeg
2023-11-22 12:35:45.269 | INFO     | telegram_bot.telegram_bot_service:job:75 - Successfully send message to 861467568: Скоро вернусь с новым материалом!
2023-11-22 12:35:52.265 | INFO     | telegram_bot.telegram_bot_service:job:57 - Successfully send message to 861467568: Добрый день!
2023-11-22 12:35:59.378 | INFO     | telegram_bot.telegram_bot_service:job:65 - Successfully send message to 861467568: Подготовила для вас материал
2023-11-22 12:35:59.559 | INFO     | telegram_bot.telegram_bot_service:job:68 - Successfully send photo to 861467568: https://mimigram.ru/wp-content/uploads/2020/07/%D0%A7%D1%82%D0%BE-%D1%82%D0%B0%D0%BA%D0%BE%D0%B5-%D1%84%D0%BE%D1%82%D0%BE.jpeg
2023-11-22 12:36:06.271 | INFO     | telegram_bot.telegram_bot_service:job:75 - Successfully send message to 861467568: Скоро вернусь с новым материалом!
2023-11-22 12:36:13.294 | INFO     | telegram_bot.telegram_bot_service:job:57 - Successfully send message to 861467568: Добрый день!
2023-11-22 12:36:20.286 | INFO     | telegram_bot.telegram_bot_service:job:65 - Successfully send message to 861467568: Подготовила для вас материал
2023-11-22 12:36:20.417 | INFO     | telegram_bot.telegram_bot_service:job:68 - Successfully send photo to 861467568: https://mimigram.ru/wp-content/uploads/2020/07/%D0%A7%D1%82%D0%BE-%D1%82%D0%B0%D0%BA%D0%BE%D0%B5-%D1%84%D0%BE%D1%82%D0%BE.jpeg
2023-11-22 12:36:27.356 | INFO     | telegram_bot.telegram_bot_service:job:75 - Successfully send message to 861467568: Скоро вернусь с новым материалом!
2023-11-22 12:36:34.434 | INFO     | telegram_bot.telegram_bot_service:job:57 - Successfully send message to 861467568: Добрый день!
2023-11-22 12:36:41.263 | INFO     | telegram_bot.telegram_bot_service:job:65 - Successfully send message to 861467568: Подготовила для вас материал
2023-11-22 12:36:41.345 | INFO     | telegram_bot.telegram_bot_service:job:68 - Successfully send photo to 861467568: https://mimigram.ru/wp-content/uploads/2020/07/%D0%A7%D1%82%D0%BE-%D1%82%D0%B0%D0%BA%D0%BE%D0%B5-%D1%84%D0%BE%D1%82%D0%BE.jpeg
2023-11-22 12:36:47.226 | INFO     | app:main:10 - testbot started
2023-11-22 12:36:47.226 | INFO     | app:main:11 - PostgreSQL connection postgres://postgres@localhost/test_base
2023-11-22 12:36:47.239 | INFO     | telegram_bot.telegram_bot_service:run_bot_task:42 - Bot polling started
2023-11-22 12:36:48.345 | INFO     | telegram_bot.telegram_bot_service:job:75 - Successfully send message to 861467568: Скоро вернусь с новым материалом!
2023-11-22 12:36:54.558 | INFO     | telegram_bot.telegram_bot_service:_hand_mes:97 - Successfully send message to admin with command: /users_today
2023-11-22 12:36:55.384 | INFO     | telegram_bot.telegram_bot_service:job:57 - Successfully send message to 861467568: Добрый день!
2023-11-22 12:37:02.348 | INFO     | telegram_bot.telegram_bot_service:job:65 - Successfully send message to 861467568: Подготовила для вас материал
2023-11-22 12:37:02.488 | INFO     | telegram_bot.telegram_bot_service:job:68 - Successfully send photo to 861467568: https://mimigram.ru/wp-content/uploads/2020/07/%D0%A7%D1%82%D0%BE-%D1%82%D0%B0%D0%BA%D0%BE%D0%B5-%D1%84%D0%BE%D1%82%D0%BE.jpeg
2023-11-22 12:37:09.368 | INFO     | telegram_bot.telegram_bot_service:job:75 - Successfully send message to 861467568: Скоро вернусь с новым материалом!
2023-11-22 12:37:16.329 | INFO     | telegram_bot.telegram_bot_service:job:57 - Successfully send message to 861467568: Добрый день!
2023-11-22 12:37:23.343 | INFO     | telegram_bot.telegram_bot_service:job:65 - Successfully send message to 861467568: Подготовила для вас материал
2023-11-22 12:37:23.463 | INFO     | telegram_bot.telegram_bot_service:job:68 - Successfully send photo to 861467568: https://mimigram.ru/wp-content/uploads/2020/07/%D0%A7%D1%82%D0%BE-%D1%82%D0%B0%D0%BA%D0%BE%D0%B5-%D1%84%D0%BE%D1%82%D0%BE.jpeg
2023-11-22 12:37:30.323 | INFO     | telegram_bot.telegram_bot_service:job:75 - Successfully send message to 861467568: Скоро вернусь с новым материалом!
2023-11-22 12:37:37.364 | INFO     | telegram_bot.telegram_bot_service:job:57 - Successfully send message to 861467568: Добрый день!
2023-11-22 12:37:44.332 | INFO     | telegram_bot.telegram_bot_service:job:65 - Successfully send message to 861467568: Подготовила для вас материал
2023-11-22 12:37:44.415 | INFO     | telegram_bot.telegram_bot_service:job:68 - Successfully send photo to 861467568: https://mimigram.ru/wp-content/uploads/2020/07/%D0%A7%D1%82%D0%BE-%D1%82%D0%B0%D0%BA%D0%BE%D0%B5-%D1%84%D0%BE%D1%82%D0%BE.jpeg
2023-11-22 12:37:51.320 | INFO     | telegram_bot.telegram_bot_service:job:75 - Successfully send message to 861467568: Скоро вернусь с новым материалом!
2023-11-22 12:37:58.365 | INFO     | telegram_bot.telegram_bot_service:job:57 - Successfully send message to 861467568: Добрый день!
2023-11-22 12:38:05.336 | INFO     | telegram_bot.telegram_bot_service:job:65 - Successfully send message to 861467568: Подготовила для вас материал
2023-11-22 12:38:05.441 | INFO     | telegram_bot.telegram_bot_service:job:68 - Successfully send photo to 861467568: https://mimigram.ru/wp-content/uploads/2020/07/%D0%A7%D1%82%D0%BE-%D1%82%D0%B0%D0%BA%D0%BE%D0%B5-%D1%84%D0%BE%D1%82%D0%BE.jpeg
2023-11-22 12:38:12.320 | INFO     | telegram_bot.telegram_bot_service:job:75 - Successfully send message to 861467568: Скоро вернусь с новым материалом!
2023-11-22 12:38:19.324 | INFO     | telegram_bot.telegram_bot_service:job:57 - Successfully send message to 861467568: Добрый день!
2023-11-22 12:38:26.394 | INFO     | telegram_bot.telegram_bot_service:job:65 - Successfully send message to 861467568: Подготовила для вас материал
2023-11-22 12:38:26.521 | INFO     | telegram_bot.telegram_bot_service:job:68 - Successfully send photo to 861467568: https://mimigram.ru/wp-content/uploads/2020/07/%D0%A7%D1%82%D0%BE-%D1%82%D0%B0%D0%BA%D0%BE%D0%B5-%D1%84%D0%BE%D1%82%D0%BE.jpeg
2023-11-22 12:38:33.425 | INFO     | telegram_bot.telegram_bot_service:job:75 - Successfully send message to 861467568: Скоро вернусь с новым материалом!
2023-11-22 12:38:40.363 | INFO     | telegram_bot.telegram_bot_service:job:57 - Successfully send message to 861467568: Добрый день!
2023-11-22 12:38:47.334 | INFO     | telegram_bot.telegram_bot_service:job:65 - Successfully send message to 861467568: Подготовила для вас материал
2023-11-22 12:38:47.539 | INFO     | telegram_bot.telegram_bot_service:job:68 - Successfully send photo to 861467568: https://mimigram.ru/wp-content/uploads/2020/07/%D0%A7%D1%82%D0%BE-%D1%82%D0%B0%D0%BA%D0%BE%D0%B5-%D1%84%D0%BE%D1%82%D0%BE.jpeg
2023-11-22 12:38:54.413 | INFO     | telegram_bot.telegram_bot_service:job:75 - Successfully send message to 861467568: Скоро вернусь с новым материалом!
2023-11-22 12:39:41.320 | INFO     | app:main:10 - testbot started
2023-11-22 12:39:41.320 | INFO     | app:main:11 - PostgreSQL connection postgres://postgres@localhost/test_base
2023-11-22 12:39:42.001 | INFO     | telegram_bot.telegram_bot_service:run_bot_task:42 - Bot polling started
2023-11-22 12:40:13.840 | INFO     | app:main:10 - testbot started
2023-11-22 12:40:13.840 | INFO     | app:main:11 - PostgreSQL connection postgres://postgres@localhost/test_base
2023-11-22 12:40:13.852 | INFO     | telegram_bot.telegram_bot_service:run_bot_task:42 - Bot polling started
2023-11-22 12:40:58.252 | INFO     | app:main:10 - testbot started
2023-11-22 12:40:58.252 | INFO     | app:main:11 - PostgreSQL connection postgres://postgres@localhost/test_base
2023-11-22 12:40:58.263 | INFO     | telegram_bot.telegram_bot_service:run_bot_task:42 - Bot polling started
2023-11-22 12:41:26.486 | INFO     | telegram_bot.telegram_bot_service:job:60 - Successfully send message to 861467568: Добрый день!
2023-11-22 12:41:33.344 | INFO     | telegram_bot.telegram_bot_service:job:68 - Successfully send message to 861467568: Подготовила для вас материал
2023-11-22 12:41:33.426 | INFO     | telegram_bot.telegram_bot_service:job:71 - Successfully send photo to 861467568: https://mimigram.ru/wp-content/uploads/2020/07/%D0%A7%D1%82%D0%BE-%D1%82%D0%B0%D0%BA%D0%BE%D0%B5-%D1%84%D0%BE%D1%82%D0%BE.jpeg
2023-11-22 12:41:40.395 | INFO     | telegram_bot.telegram_bot_service:job:78 - Successfully send message to 861467568: Скоро вернусь с новым материалом!
2023-11-22 12:41:47.346 | INFO     | telegram_bot.telegram_bot_service:job:60 - Successfully send message to 861467568: Добрый день!
2023-11-22 12:41:54.345 | INFO     | telegram_bot.telegram_bot_service:job:68 - Successfully send message to 861467568: Подготовила для вас материал
2023-11-22 12:41:54.528 | INFO     | telegram_bot.telegram_bot_service:job:71 - Successfully send photo to 861467568: https://mimigram.ru/wp-content/uploads/2020/07/%D0%A7%D1%82%D0%BE-%D1%82%D0%B0%D0%BA%D0%BE%D0%B5-%D1%84%D0%BE%D1%82%D0%BE.jpeg
2023-11-22 12:42:01.361 | INFO     | telegram_bot.telegram_bot_service:job:78 - Successfully send message to 861467568: Скоро вернусь с новым материалом!
2023-11-22 12:42:08.371 | INFO     | telegram_bot.telegram_bot_service:job:60 - Successfully send message to 861467568: Добрый день!
2023-11-22 12:42:15.354 | INFO     | telegram_bot.telegram_bot_service:job:68 - Successfully send message to 861467568: Подготовила для вас материал
2023-11-22 12:42:15.440 | INFO     | telegram_bot.telegram_bot_service:job:71 - Successfully send photo to 861467568: https://mimigram.ru/wp-content/uploads/2020/07/%D0%A7%D1%82%D0%BE-%D1%82%D0%B0%D0%BA%D0%BE%D0%B5-%D1%84%D0%BE%D1%82%D0%BE.jpeg
2023-11-22 13:06:57.336 | INFO     | app:main:13 - testbot started
2023-11-22 13:06:57.337 | INFO     | app:main:14 - PostgreSQL connection postgres://postgres@localhost/test_base
2023-11-22 13:06:57.350 | INFO     | telegram_bot.telegram_bot_service:run_bot_task:42 - Bot polling started
